Content-Type: multipart/mixed; boundary="===============8007712118719195694=="
MIME-Version: 1.0
Subject: =?utf-8?b?0JfQsNC60LDQt9GLINC90LAgMjEuMTEuMjAxNw==?=
From: robot@inkoro.ru
To: zakupki@food-prod.ru
Date: Mon, 20 Nov 2017 13:46:05 -0000
Message-ID: <20171120134605.24377.64116@workstation>

--===============8007712118719195694==
Content-Type: text/csv; charset="utf-8"
MIME-Version: 1.0
Content-Transfer-Encoding: 8bit
Content-Disposition: attachment; filename="attachment_21.11.2017.csv"

 
"Молоко пастеризованное цельное 3,5 - 4,2%"
"Кефир из цельного молока 3,5 - 4,2%"
"Кефир из цельного молока с облепихой 3,5 - 4,2%"
"Йогурт питьевой чёрная смородина 3,5 - 4,2%"
"Йогурт питьевой с черникой 3,5 - 4,2%"
Йогурт греческий топлёный чернослив - злаки 8%
Йогурт греческий топлёный мёд-миндаль 8%
Йогурт греческий  топлёный 8%
Йогурт греческий питьевой классический 8%
Йогурт греческий питьевой облепиха 8%
Йогурт греческий питьевой черника 8%
Йогурт греческий питьевой топлёный чернослив - злаки 8%
Йогурт греческий питьевой топлёный мёд-миндаль 8%
Йогурт греческий питьевой топлёный 8%
Творог традиционный. 18%
Творог топлёный 23%
Сыр мягкий
Сыр лабне мягкий 10%
Сыр моцарела
Сыр домашний
Сыр белый солёный
Йогурт греческий классический
Йогурт греческий с черникой
Йогурт греческий солёная карамель
Йогурт греческий яблоко - корица
Йогурт греческий облепиха

--===============8007712118719195694==--

-------------------------------------------------------------------------------
